[ 2014-12-09T04:05:28+08:00 ] 127.0.0.1 /~jessie/mymusic/index.php/user/login.html
NOTIC: 建议使用I方法替代_post
NOTIC: 建议使用I方法替代_post

[ 2014-12-09T04:48:07+08:00 ] 0.0.0.0 /~jessie/mymusic/index.php/user/login.html
NOTIC: 建议使用I方法替代_post
NOTIC: 建议使用I方法替代_post

[ 2014-12-09T04:48:33+08:00 ] 0.0.0.0 /~jessie/mymusic/index.php/index/band.html
NOTIC: 建议使用I方法替代_get
NOTIC: 建议使用I方法替代_get
NOTIC: 建议使用I方法替代_get

[ 2014-12-09T04:53:25+08:00 ] 0.0.0.0 /~jessie/mymusic/index.php/band/login.html
NOTIC: 建议使用I方法替代_post
NOTIC: 建议使用I方法替代_post

[ 2014-12-09T04:53:26+08:00 ] 0.0.0.0 /~jessie/mymusic/index.php/index/band.html
NOTIC: 建议使用I方法替代_get
NOTIC: 建议使用I方法替代_get
NOTIC: 建议使用I方法替代_get

[ 2014-12-09T04:53:36+08:00 ] 0.0.0.0 /~jessie/mymusic/index.php/index/band.html
NOTIC: 建议使用I方法替代_get
NOTIC: 建议使用I方法替代_get
NOTIC: 建议使用I方法替代_get

[ 2014-12-09T04:53:47+08:00 ] 0.0.0.0 /~jessie/mymusic/index.php/index/concert.html
NOTIC: 建议使用I方法替代_get
NOTIC: 建议使用I方法替代_get
NOTIC: 建议使用I方法替代_get
NOTIC: 建议使用I方法替代_get
NOTIC: 建议使用I方法替代_get

[ 2014-12-09T04:56:49+08:00 ] 0.0.0.0 /~jessie/mymusic/index.php/index/concert.html
NOTIC: 建议使用I方法替代_get
NOTIC: 建议使用I方法替代_get
NOTIC: 建议使用I方法替代_get
NOTIC: 建议使用I方法替代_get
NOTIC: 建议使用I方法替代_get

[ 2014-12-09T04:56:51+08:00 ] 0.0.0.0 /~jessie/mymusic/index.php/index/band.html
NOTIC: 建议使用I方法替代_get
NOTIC: 建议使用I方法替代_get
NOTIC: 建议使用I方法替代_get

[ 2014-12-09T04:56:54+08:00 ] 0.0.0.0 /~jessie/mymusic/index.php/index/band.html
NOTIC: 建议使用I方法替代_get
NOTIC: 建议使用I方法替代_get
NOTIC: 建议使用I方法替代_get

[ 2014-12-09T05:19:31+08:00 ] 0.0.0.0 /~jessie/mymusic/index.php/user/login.html
NOTIC: 建议使用I方法替代_post
NOTIC: 建议使用I方法替代_post

[ 2014-12-09T05:20:12+08:00 ] 0.0.0.0 /~jessie/mymusic/index.php/user/addConcert.html
NOTIC: 建议使用I方法替代_post
NOTIC: 建议使用I方法替代_post
NOTIC: 建议使用I方法替代_post
NOTIC: 建议使用I方法替代_post
NOTIC: 建议使用I方法替代_post
NOTIC: 建议使用I方法替代_post

[ 2014-12-09T05:20:18+08:00 ] 0.0.0.0 /~jessie/mymusic/index.php/index/concert.html
NOTIC: 建议使用I方法替代_get
NOTIC: 建议使用I方法替代_get
NOTIC: 建议使用I方法替代_get
NOTIC: 建议使用I方法替代_get
NOTIC: 建议使用I方法替代_get

[ 2014-12-09T05:20:27+08:00 ] 0.0.0.0 /~jessie/mymusic/index.php/index/band.html
NOTIC: 建议使用I方法替代_get
NOTIC: 建议使用I方法替代_get
NOTIC: 建议使用I方法替代_get

[ 2014-12-09T05:21:41+08:00 ] 0.0.0.0 /~jessie/mymusic/index.php/index/concert/style/1.html
NOTIC: 建议使用I方法替代_get
NOTIC: 建议使用I方法替代_get
NOTIC: 建议使用I方法替代_get
NOTIC: 建议使用I方法替代_get
NOTIC: 建议使用I方法替代_get

[ 2014-12-09T05:21:50+08:00 ] 0.0.0.0 /~jessie/mymusic/index.php/user/rateBand/id/3.html
NOTIC: 建议使用I方法替代_get

[ 2014-12-09T05:21:53+08:00 ] 0.0.0.0 /~jessie/mymusic/index.php/index/band/style/7.html
NOTIC: 建议使用I方法替代_get
NOTIC: 建议使用I方法替代_get
NOTIC: 建议使用I方法替代_get

[ 2014-12-09T05:22:48+08:00 ] 0.0.0.0 /~jessie/mymusic/index.php/user/login.html
NOTIC: 建议使用I方法替代_post
NOTIC: 建议使用I方法替代_post

[ 2014-12-09T05:22:58+08:00 ] 0.0.0.0 /~jessie/mymusic/index.php/user/profile/name/sue.html
NOTIC: 建议使用I方法替代_get

[ 2014-12-09T05:23:34+08:00 ] 0.0.0.0 /~jessie/mymusic/index.php/user/profile/name/sandy.html
NOTIC: 建议使用I方法替代_get

[ 2014-12-09T05:23:37+08:00 ] 0.0.0.0 /~jessie/mymusic/index.php/index/concert.html
NOTIC: 建议使用I方法替代_get
NOTIC: 建议使用I方法替代_get
NOTIC: 建议使用I方法替代_get
NOTIC: 建议使用I方法替代_get
NOTIC: 建议使用I方法替代_get

[ 2014-12-09T05:24:01+08:00 ] 0.0.0.0 /~jessie/mymusic/index.php/user/addConcert.html
NOTIC: 建议使用I方法替代_post
NOTIC: 建议使用I方法替代_post
NOTIC: 建议使用I方法替代_post
NOTIC: 建议使用I方法替代_post
NOTIC: 建议使用I方法替代_post
NOTIC: 建议使用I方法替代_post

[ 2014-12-09T05:24:04+08:00 ] 0.0.0.0 /~jessie/mymusic/index.php/index/concert.html
NOTIC: 建议使用I方法替代_get
NOTIC: 建议使用I方法替代_get
NOTIC: 建议使用I方法替代_get
NOTIC: 建议使用I方法替代_get
NOTIC: 建议使用I方法替代_get

[ 2014-12-09T05:25:02+08:00 ] 0.0.0.0 /~jessie/mymusic/index.php/user/login.html
NOTIC: 建议使用I方法替代_post
NOTIC: 建议使用I方法替代_post

